<?xml version="1.0" encoding="UTF-8"?>
<coverage generated="1765397314474" clover="3.2.0">
  <project timestamp="1765397314474" name="All files">
    <metrics statements="84" coveredstatements="84" conditionals="77" coveredconditionals="77" methods="25" coveredmethods="25" elements="186" coveredelements="186" complexity="0" loc="84" ncloc="84" packages="2" files="9" classes="9"/>
    <package name="api">
      <metrics statements="6" coveredstatements="6" conditionals="2" coveredconditionals="2" methods="1" coveredmethods="1"/>
      <file name="predict.ts" path="B:\Software\CSCI_717_Project\AIvsRealImageDetection\frontend\src\api\predict.ts">
        <metrics statements="6" coveredstatements="6" conditionals="2" coveredconditionals="2" methods="1" coveredmethods="1"/>
        <line num="4" count="1" type="stmt"/>
        <line num="7" count="6" type="stmt"/>
        <line num="8" count="6" type="stmt"/>
        <line num="11" count="6" type="stmt"/>
        <line num="17" count="5" type="cond" truecount="2" falsecount="0"/>
        <line num="20" count="3" type="stmt"/>
      </file>
    </package>
    <package name="components">
      <metrics statements="78" coveredstatements="78" conditionals="75" coveredconditionals="75" methods="24" coveredmethods="24"/>
      <file name="AnalyzeButton.tsx" path="B:\Software\CSCI_717_Project\AIvsRealImageDetection\frontend\src\components\AnalyzeButton.tsx">
        <metrics statements="5" coveredstatements="5" conditionals="10" coveredconditionals="10" methods="2" coveredmethods="2"/>
        <line num="10" count="1" type="stmt"/>
        <line num="16" count="11" type="stmt"/>
        <line num="22" count="11" type="stmt"/>
        <line num="26" count="2" type="cond" truecount="4" falsecount="0"/>
        <line num="36" count="1" type="stmt"/>
      </file>
      <file name="ConfidenceBar.tsx" path="B:\Software\CSCI_717_Project\AIvsRealImageDetection\frontend\src\components\ConfidenceBar.tsx">
        <metrics statements="9" coveredstatements="9" conditionals="9" coveredconditionals="9" methods="2" coveredmethods="2"/>
        <line num="8" count="1" type="stmt"/>
        <line num="12" count="11" type="cond" truecount="2" falsecount="0"/>
        <line num="15" count="11" type="stmt"/>
        <line num="16" count="11" type="cond" truecount="2" falsecount="0"/>
        <line num="17" count="7" type="cond" truecount="2" falsecount="0"/>
        <line num="18" count="4" type="cond" truecount="2" falsecount="0"/>
        <line num="19" count="2" type="stmt"/>
        <line num="22" count="11" type="stmt"/>
        <line num="33" count="1" type="stmt"/>
      </file>
      <file name="Dropzone.tsx" path="B:\Software\CSCI_717_Project\AIvsRealImageDetection\frontend\src\components\Dropzone.tsx">
        <metrics statements="28" coveredstatements="28" conditionals="15" coveredconditionals="15" methods="8" coveredmethods="8"/>
        <line num="1" count="1" type="stmt"/>
        <line num="9" count="1" type="cond" truecount="1" falsecount="0"/>
        <line num="10" count="15" type="stmt"/>
        <line num="11" count="15" type="stmt"/>
        <line num="13" count="15" type="cond" truecount="2" falsecount="0"/>
        <line num="15" count="15" type="stmt"/>
        <line num="16" count="6" type="cond" truecount="4" falsecount="0"/>
        <line num="18" count="5" type="stmt"/>
        <line num="21" count="5" type="cond" truecount="2" falsecount="0"/>
        <line num="22" count="1" type="stmt"/>
        <line num="23" count="1" type="stmt"/>
        <line num="27" count="4" type="cond" truecount="2" falsecount="0"/>
        <line num="28" count="1" type="stmt"/>
        <line num="31" count="4" type="stmt"/>
        <line num="32" count="4" type="stmt"/>
        <line num="33" count="4" type="stmt"/>
        <line num="36" count="15" type="stmt"/>
        <line num="37" count="3" type="stmt"/>
        <line num="38" count="3" type="stmt"/>
        <line num="41" count="15" type="stmt"/>
        <line num="42" count="1" type="stmt"/>
        <line num="44" count="15" type="stmt"/>
        <line num="46" count="15" type="stmt"/>
        <line num="48" count="14" type="stmt"/>
        <line num="49" count="14" type="cond" truecount="2" falsecount="0"/>
        <line num="53" count="15" type="stmt"/>
        <line num="79" count="3" type="stmt"/>
        <line num="85" count="1" type="stmt"/>
      </file>
      <file name="FileLocation.tsx" path="B:\Software\CSCI_717_Project\AIvsRealImageDetection\frontend\src\components\FileLocation.tsx">
        <metrics statements="4" coveredstatements="4" conditionals="5" coveredconditionals="5" methods="1" coveredmethods="1"/>
        <line num="8" count="1" type="cond" truecount="1" falsecount="0"/>
        <line num="9" count="7" type="cond" truecount="2" falsecount="0"/>
        <line num="11" count="7" type="stmt"/>
        <line num="19" count="1" type="stmt"/>
      </file>
      <file name="Header.tsx" path="B:\Software\CSCI_717_Project\AIvsRealImageDetection\frontend\src\components\Header.tsx">
        <metrics statements="3" coveredstatements="3" conditionals="6" coveredconditionals="6" methods="1" coveredmethods="1"/>
        <line num="9" count="1" type="cond" truecount="2" falsecount="0"/>
        <line num="10" count="6" type="stmt"/>
        <line num="20" count="1" type="stmt"/>
      </file>
      <file name="History.tsx" path="B:\Software\CSCI_717_Project\AIvsRealImageDetection\frontend\src\components\History.tsx">
        <metrics statements="12" coveredstatements="12" conditionals="16" coveredconditionals="16" methods="4" coveredmethods="4"/>
        <line num="2" count="1" type="stmt"/>
        <line num="18" count="1" type="stmt"/>
        <line num="19" count="12" type="cond" truecount="2" falsecount="0"/>
        <line num="20" count="2" type="stmt"/>
        <line num="23" count="2" type="stmt"/>
        <line num="26" count="12" type="stmt"/>
        <line num="48" count="62" type="cond" truecount="4" falsecount="0"/>
        <line num="49" count="2" type="stmt"/>
        <line num="50" count="2" type="stmt"/>
        <line num="52" count="60" type="stmt"/>
        <line num="56" count="2" type="stmt"/>
        <line num="88" count="1" type="stmt"/>
      </file>
      <file name="Notification.tsx" path="B:\Software\CSCI_717_Project\AIvsRealImageDetection\frontend\src\components\Notification.tsx">
        <metrics statements="12" coveredstatements="12" conditionals="6" coveredconditionals="6" methods="5" coveredmethods="5"/>
        <line num="1" count="1" type="stmt"/>
        <line num="10" count="1" type="stmt"/>
        <line num="15" count="9" type="stmt"/>
        <line num="17" count="9" type="stmt"/>
        <line num="18" count="8" type="stmt"/>
        <line num="19" count="8" type="stmt"/>
        <line num="20" count="8" type="stmt"/>
        <line num="21" count="8" type="stmt"/>
        <line num="22" count="8" type="stmt"/>
        <line num="26" count="9" type="cond" truecount="2" falsecount="0"/>
        <line num="28" count="9" type="stmt"/>
        <line num="47" count="1" type="stmt"/>
      </file>
      <file name="PredictionDisplay.tsx" path="B:\Software\CSCI_717_Project\AIvsRealImageDetection\frontend\src\components\PredictionDisplay.tsx">
        <metrics statements="5" coveredstatements="5" conditionals="8" coveredconditionals="8" methods="1" coveredmethods="1"/>
        <line num="2" count="1" type="stmt"/>
        <line num="10" count="1" type="stmt"/>
        <line num="16" count="8" type="cond" truecount="2" falsecount="0"/>
        <line num="20" count="8" type="stmt"/>
        <line num="31" count="1" type="stmt"/>
      </file>
    </package>
  </project>
</coverage>
