{"B:\\Software\\CSCI_717_Project\\AIvsRealImageDetection\\frontend\\src\\components\\Dropzone.tsx": {"path":"B:\\Software\\CSCI_717_Project\\AIvsRealImageDetection\\frontend\\src\\components\\Dropzone.tsx","statementMap":{"0":{"start":{"line":1,"column":0},"end":{"line":1,"column":48}},"1":{"start":{"line":7,"column":42},"end":{"line":72,"column":1}},"2":{"start":{"line":8,"column":32},"end":{"line":8,"column":61}},"3":{"start":{"line":9,"column":38},"end":{"line":9,"column":53}},"4":{"start":{"line":10,"column":19},"end":{"line":10,"column":56}},"5":{"start":{"line":12,"column":22},"end":{"line":24,"column":3}},"6":{"start":{"line":13,"column":4},"end":{"line":13,"column":35}},"7":{"start":{"line":13,"column":28},"end":{"line":13,"column":35}},"8":{"start":{"line":14,"column":17},"end":{"line":14,"column":25}},"9":{"start":{"line":17,"column":4},"end":{"line":20,"column":5}},"10":{"start":{"line":18,"column":6},"end":{"line":18,"column":51}},"11":{"start":{"line":19,"column":6},"end":{"line":19,"column":13}},"12":{"start":{"line":22,"column":4},"end":{"line":22,"column":42}},"13":{"start":{"line":23,"column":4},"end":{"line":23,"column":23}},"14":{"start":{"line":26,"column":21},"end":{"line":30,"column":3}},"15":{"start":{"line":27,"column":4},"end":{"line":27,"column":23}},"16":{"start":{"line":28,"column":4},"end":{"line":28,"column":25}},"17":{"start":{"line":29,"column":4},"end":{"line":29,"column":38}},"18":{"start":{"line":32,"column":25},"end":{"line":35,"column":3}},"19":{"start":{"line":33,"column":4},"end":{"line":33,"column":23}},"20":{"start":{"line":34,"column":4},"end":{"line":34,"column":24}},"21":{"start":{"line":37,"column":26},"end":{"line":39,"column":3}},"22":{"start":{"line":38,"column":4},"end":{"line":38,"column":25}},"23":{"start":{"line":41,"column":22},"end":{"line":43,"column":3}},"24":{"start":{"line":42,"column":4},"end":{"line":42,"column":30}},"25":{"start":{"line":45,"column":2},"end":{"line":71,"column":4}},"26":{"start":{"line":68,"column":25},"end":{"line":68,"column":70}},"27":{"start":{"line":74,"column":0},"end":{"line":74,"column":24}}},"fnMap":{"0":{"name":"(anonymous_0)","decl":{"start":{"line":7,"column":42},"end":{"line":7,"column":43}},"loc":{"start":{"line":7,"column":63},"end":{"line":72,"column":1}}},"1":{"name":"(anonymous_1)","decl":{"start":{"line":12,"column":22},"end":{"line":12,"column":23}},"loc":{"start":{"line":12,"column":42},"end":{"line":24,"column":3}}},"2":{"name":"(anonymous_2)","decl":{"start":{"line":26,"column":21},"end":{"line":26,"column":22}},"loc":{"start":{"line":26,"column":60},"end":{"line":30,"column":3}}},"3":{"name":"(anonymous_3)","decl":{"start":{"line":32,"column":25},"end":{"line":32,"column":26}},"loc":{"start":{"line":32,"column":64},"end":{"line":35,"column":3}}},"4":{"name":"(anonymous_4)","decl":{"start":{"line":37,"column":26},"end":{"line":37,"column":29}},"loc":{"start":{"line":37,"column":31},"end":{"line":39,"column":3}}},"5":{"name":"(anonymous_5)","decl":{"start":{"line":41,"column":22},"end":{"line":41,"column":25}},"loc":{"start":{"line":41,"column":27},"end":{"line":43,"column":3}}},"6":{"name":"(anonymous_6)","decl":{"start":{"line":68,"column":18},"end":{"line":68,"column":19}},"loc":{"start":{"line":68,"column":25},"end":{"line":68,"column":70}}}},"branchMap":{"0":{"loc":{"start":{"line":13,"column":4},"end":{"line":13,"column":35}},"type":"if","locations":[{"start":{"line":13,"column":4},"end":{"line":13,"column":35}},{"start":{},"end":{}}]},"1":{"loc":{"start":{"line":17,"column":4},"end":{"line":20,"column":5}},"type":"if","locations":[{"start":{"line":17,"column":4},"end":{"line":20,"column":5}},{"start":{},"end":{}}]},"2":{"loc":{"start":{"line":49,"column":10},"end":{"line":49,"column":null}},"type":"cond-expr","locations":[{"start":{"line":49,"column":23},"end":{"line":49,"column":51}},{"start":{"line":49,"column":54},"end":{"line":49,"column":null}}]},"3":{"loc":{"start":{"line":56,"column":7},"end":{"line":61,"column":null}},"type":"cond-expr","locations":[{"start":{"line":57,"column":8},"end":{"line":57,"column":75}},{"start":{"line":59,"column":8},"end":{"line":59,"column":null}}]},"4":{"loc":{"start":{"line":68,"column":25},"end":{"line":68,"column":70}},"type":"binary-expr","locations":[{"start":{"line":68,"column":25},"end":{"line":68,"column":39}},{"start":{"line":68,"column":43},"end":{"line":68,"column":70}}]}},"s":{"0":1,"1":1,"2":10,"3":10,"4":10,"5":10,"6":3,"7":0,"8":3,"9":3,"10":1,"11":1,"12":2,"13":2,"14":10,"15":2,"16":2,"17":2,"18":10,"19":2,"20":2,"21":10,"22":0,"23":10,"24":4,"25":10,"26":1,"27":1},"f":{"0":10,"1":3,"2":2,"3":2,"4":0,"5":4,"6":1},"b":{"0":[0,3],"1":[1,2],"2":[2,8],"3":[2,8],"4":[1,1]}}
}
