{"B:\\Software\\CSCI_717_Project\\AIvsRealImageDetection\\frontend\\src\\api\\predict.ts": {"path":"B:\\Software\\CSCI_717_Project\\AIvsRealImageDetection\\frontend\\src\\api\\predict.ts","statementMap":{"0":{"start":{"line":3,"column":31},"end":{"line":17,"column":1}},"1":{"start":{"line":6,"column":19},"end":{"line":6,"column":33}},"2":{"start":{"line":7,"column":2},"end":{"line":7,"column":33}},"3":{"start":{"line":9,"column":19},"end":{"line":12,"column":4}},"4":{"start":{"line":14,"column":2},"end":{"line":14,"column":66}},"5":{"start":{"line":14,"column":20},"end":{"line":14,"column":66}},"6":{"start":{"line":16,"column":2},"end":{"line":16,"column":25}},"7":{"start":{"line":3,"column":13},"end":{"line":3,"column":31}}},"fnMap":{"0":{"name":"(anonymous_0)","decl":{"start":{"line":3,"column":31},"end":{"line":3,"column":36}},"loc":{"start":{"line":5,"column":31},"end":{"line":17,"column":1}}}},"branchMap":{"0":{"loc":{"start":{"line":14,"column":2},"end":{"line":14,"column":66}},"type":"if","locations":[{"start":{"line":14,"column":2},"end":{"line":14,"column":66}},{"start":{},"end":{}}]}},"s":{"0":1,"1":6,"2":6,"3":6,"4":5,"5":1,"6":3,"7":1},"f":{"0":6},"b":{"0":[1,3]}}
,"B:\\Software\\CSCI_717_Project\\AIvsRealImageDetection\\frontend\\src\\components\\AnalyzeButton.tsx": {"path":"B:\\Software\\CSCI_717_Project\\AIvsRealImageDetection\\frontend\\src\\components\\AnalyzeButton.tsx","statementMap":{"0":{"start":{"line":9,"column":52},"end":{"line":31,"column":1}},"1":{"start":{"line":14,"column":24},"end":{"line":18,"column":4}},"2":{"start":{"line":20,"column":2},"end":{"line":30,"column":4}},"3":{"start":{"line":24,"column":8},"end":{"line":24,"column":44}},"4":{"start":{"line":24,"column":34},"end":{"line":24,"column":44}},"5":{"start":{"line":33,"column":0},"end":{"line":33,"column":29}}},"fnMap":{"0":{"name":"(anonymous_0)","decl":{"start":{"line":9,"column":52},"end":{"line":9,"column":53}},"loc":{"start":{"line":13,"column":5},"end":{"line":31,"column":1}}},"1":{"name":"(anonymous_1)","decl":{"start":{"line":23,"column":15},"end":{"line":23,"column":18}},"loc":{"start":{"line":23,"column":20},"end":{"line":25,"column":7}}}},"branchMap":{"0":{"loc":{"start":{"line":10,"column":2},"end":{"line":10,"column":21}},"type":"default-arg","locations":[{"start":{"line":10,"column":16},"end":{"line":10,"column":21}}]},"1":{"loc":{"start":{"line":11,"column":2},"end":{"line":11,"column":18}},"type":"default-arg","locations":[{"start":{"line":11,"column":13},"end":{"line":11,"column":18}}]},"2":{"loc":{"start":{"line":15,"column":4},"end":{"line":17,"column":null}},"type":"cond-expr","locations":[{"start":{"line":16,"column":8},"end":{"line":16,"column":40}},{"start":{"line":17,"column":8},"end":{"line":17,"column":null}}]},"3":{"loc":{"start":{"line":24,"column":8},"end":{"line":24,"column":44}},"type":"if","locations":[{"start":{"line":24,"column":8},"end":{"line":24,"column":44}},{"start":{},"end":{}}]},"4":{"loc":{"start":{"line":24,"column":12},"end":{"line":24,"column":32}},"type":"binary-expr","locations":[{"start":{"line":24,"column":12},"end":{"line":24,"column":21}},{"start":{"line":24,"column":25},"end":{"line":24,"column":32}}]},"5":{"loc":{"start":{"line":28,"column":7},"end":{"line":28,"column":53}},"type":"cond-expr","locations":[{"start":{"line":28,"column":21},"end":{"line":28,"column":35}},{"start":{"line":28,"column":38},"end":{"line":28,"column":53}}]}},"s":{"0":1,"1":11,"2":11,"3":2,"4":1,"5":1},"f":{"0":11,"1":2},"b":{"0":[3],"1":[3],"2":[2,9],"3":[1,1],"4":[2,2],"5":[2,9]}}
,"B:\\Software\\CSCI_717_Project\\AIvsRealImageDetection\\frontend\\src\\components\\ConfidenceBar.tsx": {"path":"B:\\Software\\CSCI_717_Project\\AIvsRealImageDetection\\frontend\\src\\components\\ConfidenceBar.tsx","statementMap":{"0":{"start":{"line":7,"column":52},"end":{"line":28,"column":1}},"1":{"start":{"line":10,"column":20},"end":{"line":10,"column":68}},"2":{"start":{"line":12,"column":32},"end":{"line":17,"column":3}},"3":{"start":{"line":13,"column":4},"end":{"line":13,"column":45}},"4":{"start":{"line":13,"column":24},"end":{"line":13,"column":45}},"5":{"start":{"line":14,"column":4},"end":{"line":14,"column":46}},"6":{"start":{"line":14,"column":24},"end":{"line":14,"column":46}},"7":{"start":{"line":15,"column":4},"end":{"line":15,"column":47}},"8":{"start":{"line":15,"column":24},"end":{"line":15,"column":47}},"9":{"start":{"line":16,"column":4},"end":{"line":16,"column":24}},"10":{"start":{"line":19,"column":2},"end":{"line":27,"column":4}},"11":{"start":{"line":30,"column":0},"end":{"line":30,"column":29}}},"fnMap":{"0":{"name":"(anonymous_0)","decl":{"start":{"line":7,"column":52},"end":{"line":7,"column":53}},"loc":{"start":{"line":9,"column":5},"end":{"line":28,"column":1}}},"1":{"name":"(anonymous_1)","decl":{"start":{"line":12,"column":32},"end":{"line":12,"column":35}},"loc":{"start":{"line":12,"column":37},"end":{"line":17,"column":3}}}},"branchMap":{"0":{"loc":{"start":{"line":8,"column":2},"end":{"line":8,"column":21}},"type":"default-arg","locations":[{"start":{"line":8,"column":20},"end":{"line":8,"column":21}}]},"1":{"loc":{"start":{"line":10,"column":38},"end":{"line":10,"column":58}},"type":"binary-expr","locations":[{"start":{"line":10,"column":38},"end":{"line":10,"column":53}},{"start":{"line":10,"column":57},"end":{"line":10,"column":58}}]},"2":{"loc":{"start":{"line":13,"column":4},"end":{"line":13,"column":45}},"type":"if","locations":[{"start":{"line":13,"column":4},"end":{"line":13,"column":45}},{"start":{},"end":{}}]},"3":{"loc":{"start":{"line":14,"column":4},"end":{"line":14,"column":46}},"type":"if","locations":[{"start":{"line":14,"column":4},"end":{"line":14,"column":46}},{"start":{},"end":{}}]},"4":{"loc":{"start":{"line":15,"column":4},"end":{"line":15,"column":47}},"type":"if","locations":[{"start":{"line":15,"column":4},"end":{"line":15,"column":47}},{"start":{},"end":{}}]}},"s":{"0":1,"1":11,"2":11,"3":11,"4":4,"5":7,"6":3,"7":4,"8":2,"9":2,"10":11,"11":1},"f":{"0":11,"1":11},"b":{"0":[1],"1":[11,1],"2":[4,7],"3":[3,4],"4":[2,2]}}
,"B:\\Software\\CSCI_717_Project\\AIvsRealImageDetection\\frontend\\src\\components\\Dropzone.tsx": {"path":"B:\\Software\\CSCI_717_Project\\AIvsRealImageDetection\\frontend\\src\\components\\Dropzone.tsx","statementMap":{"0":{"start":{"line":1,"column":0},"end":{"line":1,"column":59}},"1":{"start":{"line":8,"column":42},"end":{"line":79,"column":1}},"2":{"start":{"line":9,"column":42},"end":{"line":9,"column":71}},"3":{"start":{"line":10,"column":19},"end":{"line":10,"column":56}},"4":{"start":{"line":12,"column":18},"end":{"line":12,"column":40}},"5":{"start":{"line":14,"column":22},"end":{"line":31,"column":3}},"6":{"start":{"line":15,"column":4},"end":{"line":15,"column":45}},"7":{"start":{"line":15,"column":38},"end":{"line":15,"column":45}},"8":{"start":{"line":17,"column":17},"end":{"line":17,"column":25}},"9":{"start":{"line":19,"column":4},"end":{"line":22,"column":5}},"10":{"start":{"line":20,"column":6},"end":{"line":20,"column":65}},"11":{"start":{"line":21,"column":6},"end":{"line":21,"column":13}},"12":{"start":{"line":24,"column":4},"end":{"line":26,"column":5}},"13":{"start":{"line":25,"column":6},"end":{"line":25,"column":40}},"14":{"start":{"line":28,"column":16},"end":{"line":28,"column":41}},"15":{"start":{"line":29,"column":4},"end":{"line":29,"column":25}},"16":{"start":{"line":30,"column":4},"end":{"line":30,"column":23}},"17":{"start":{"line":33,"column":21},"end":{"line":36,"column":3}},"18":{"start":{"line":34,"column":4},"end":{"line":34,"column":23}},"19":{"start":{"line":35,"column":4},"end":{"line":35,"column":38}},"20":{"start":{"line":38,"column":25},"end":{"line":39,"column":22}},"21":{"start":{"line":39,"column":4},"end":{"line":39,"column":22}},"22":{"start":{"line":41,"column":22},"end":{"line":41,"column":53}},"23":{"start":{"line":41,"column":28},"end":{"line":41,"column":53}},"24":{"start":{"line":43,"column":2},"end":{"line":47,"column":21}},"25":{"start":{"line":44,"column":4},"end":{"line":46,"column":6}},"26":{"start":{"line":45,"column":6},"end":{"line":45,"column":58}},"27":{"start":{"line":45,"column":24},"end":{"line":45,"column":58}},"28":{"start":{"line":49,"column":2},"end":{"line":78,"column":4}},"29":{"start":{"line":75,"column":25},"end":{"line":75,"column":52}},"30":{"start":{"line":81,"column":0},"end":{"line":81,"column":24}}},"fnMap":{"0":{"name":"(anonymous_0)","decl":{"start":{"line":8,"column":42},"end":{"line":8,"column":43}},"loc":{"start":{"line":8,"column":78},"end":{"line":79,"column":1}}},"1":{"name":"(anonymous_1)","decl":{"start":{"line":14,"column":22},"end":{"line":14,"column":23}},"loc":{"start":{"line":14,"column":49},"end":{"line":31,"column":3}}},"2":{"name":"(anonymous_2)","decl":{"start":{"line":33,"column":21},"end":{"line":33,"column":22}},"loc":{"start":{"line":33,"column":60},"end":{"line":36,"column":3}}},"3":{"name":"(anonymous_3)","decl":{"start":{"line":38,"column":25},"end":{"line":38,"column":26}},"loc":{"start":{"line":39,"column":4},"end":{"line":39,"column":22}}},"4":{"name":"(anonymous_4)","decl":{"start":{"line":41,"column":22},"end":{"line":41,"column":25}},"loc":{"start":{"line":41,"column":28},"end":{"line":41,"column":53}}},"5":{"name":"(anonymous_5)","decl":{"start":{"line":43,"column":12},"end":{"line":43,"column":15}},"loc":{"start":{"line":43,"column":17},"end":{"line":47,"column":3}}},"6":{"name":"(anonymous_6)","decl":{"start":{"line":44,"column":11},"end":{"line":44,"column":14}},"loc":{"start":{"line":44,"column":16},"end":{"line":46,"column":5}}},"7":{"name":"(anonymous_7)","decl":{"start":{"line":75,"column":18},"end":{"line":75,"column":19}},"loc":{"start":{"line":75,"column":25},"end":{"line":75,"column":52}}}},"branchMap":{"0":{"loc":{"start":{"line":8,"column":59},"end":{"line":8,"column":72}},"type":"default-arg","locations":[{"start":{"line":8,"column":68},"end":{"line":8,"column":72}}]},"1":{"loc":{"start":{"line":12,"column":18},"end":{"line":12,"column":40}},"type":"binary-expr","locations":[{"start":{"line":12,"column":18},"end":{"line":12,"column":24}},{"start":{"line":12,"column":28},"end":{"line":12,"column":40}}]},"2":{"loc":{"start":{"line":15,"column":4},"end":{"line":15,"column":45}},"type":"if","locations":[{"start":{"line":15,"column":4},"end":{"line":15,"column":45}},{"start":{},"end":{}}]},"3":{"loc":{"start":{"line":15,"column":8},"end":{"line":15,"column":36}},"type":"binary-expr","locations":[{"start":{"line":15,"column":8},"end":{"line":15,"column":14}},{"start":{"line":15,"column":18},"end":{"line":15,"column":36}}]},"4":{"loc":{"start":{"line":19,"column":4},"end":{"line":22,"column":5}},"type":"if","locations":[{"start":{"line":19,"column":4},"end":{"line":22,"column":5}},{"start":{},"end":{}}]},"5":{"loc":{"start":{"line":24,"column":4},"end":{"line":26,"column":5}},"type":"if","locations":[{"start":{"line":24,"column":4},"end":{"line":26,"column":5}},{"start":{},"end":{}}]},"6":{"loc":{"start":{"line":45,"column":6},"end":{"line":45,"column":58}},"type":"if","locations":[{"start":{"line":45,"column":6},"end":{"line":45,"column":58}},{"start":{},"end":{}}]},"7":{"loc":{"start":{"line":56,"column":7},"end":{"line":67,"column":null}},"type":"cond-expr","locations":[{"start":{"line":57,"column":8},"end":{"line":62,"column":null}},{"start":{"line":65,"column":8},"end":{"line":65,"column":null}}]}},"s":{"0":1,"1":1,"2":15,"3":15,"4":15,"5":15,"6":6,"7":1,"8":5,"9":5,"10":1,"11":1,"12":4,"13":1,"14":4,"15":4,"16":4,"17":15,"18":3,"19":3,"20":15,"21":1,"22":15,"23":10,"24":15,"25":14,"26":14,"27":3,"28":15,"29":3,"30":1},"f":{"0":15,"1":6,"2":3,"3":1,"4":10,"5":14,"6":14,"7":3},"b":{"0":[1],"1":[15,14],"2":[1,5],"3":[6,6],"4":[1,4],"5":[1,3],"6":[3,11],"7":[5,10]}}
,"B:\\Software\\CSCI_717_Project\\AIvsRealImageDetection\\frontend\\src\\components\\FileLocation.tsx": {"path":"B:\\Software\\CSCI_717_Project\\AIvsRealImageDetection\\frontend\\src\\components\\FileLocation.tsx","statementMap":{"0":{"start":{"line":7,"column":50},"end":{"line":15,"column":1}},"1":{"start":{"line":8,"column":19},"end":{"line":8,"column":56}},"2":{"start":{"line":10,"column":2},"end":{"line":14,"column":4}},"3":{"start":{"line":17,"column":0},"end":{"line":17,"column":28}}},"fnMap":{"0":{"name":"(anonymous_0)","decl":{"start":{"line":7,"column":50},"end":{"line":7,"column":51}},"loc":{"start":{"line":7,"column":71},"end":{"line":15,"column":1}}}},"branchMap":{"0":{"loc":{"start":{"line":7,"column":53},"end":{"line":7,"column":65}},"type":"default-arg","locations":[{"start":{"line":7,"column":61},"end":{"line":7,"column":65}}]},"1":{"loc":{"start":{"line":8,"column":19},"end":{"line":8,"column":56}},"type":"binary-expr","locations":[{"start":{"line":8,"column":19},"end":{"line":8,"column":38}},{"start":{"line":8,"column":42},"end":{"line":8,"column":56}}]},"2":{"loc":{"start":{"line":12,"column":7},"end":{"line":12,"column":60}},"type":"cond-expr","locations":[{"start":{"line":12,"column":15},"end":{"line":12,"column":38}},{"start":{"line":12,"column":41},"end":{"line":12,"column":60}}]}},"s":{"0":1,"1":7,"2":7,"3":1},"f":{"0":7},"b":{"0":[1],"1":[7,4],"2":[4,3]}}
,"B:\\Software\\CSCI_717_Project\\AIvsRealImageDetection\\frontend\\src\\components\\Header.tsx": {"path":"B:\\Software\\CSCI_717_Project\\AIvsRealImageDetection\\frontend\\src\\components\\Header.tsx","statementMap":{"0":{"start":{"line":8,"column":38},"end":{"line":16,"column":null}},"1":{"start":{"line":9,"column":2},"end":{"line":15,"column":null}},"2":{"start":{"line":19,"column":0},"end":{"line":19,"column":22}}},"fnMap":{"0":{"name":"(anonymous_0)","decl":{"start":{"line":8,"column":38},"end":{"line":8,"column":39}},"loc":{"start":{"line":9,"column":2},"end":{"line":15,"column":null}}}},"branchMap":{"0":{"loc":{"start":{"line":8,"column":41},"end":{"line":8,"column":51}},"type":"default-arg","locations":[{"start":{"line":8,"column":49},"end":{"line":8,"column":51}}]},"1":{"loc":{"start":{"line":8,"column":53},"end":{"line":8,"column":69}},"type":"default-arg","locations":[{"start":{"line":8,"column":67},"end":{"line":8,"column":69}}]},"2":{"loc":{"start":{"line":11,"column":7},"end":{"line":11,"column":26}},"type":"binary-expr","locations":[{"start":{"line":11,"column":7},"end":{"line":11,"column":12}},{"start":{"line":11,"column":16},"end":{"line":11,"column":26}}]},"3":{"loc":{"start":{"line":14,"column":7},"end":{"line":14,"column":48}},"type":"binary-expr","locations":[{"start":{"line":14,"column":7},"end":{"line":14,"column":18}},{"start":{"line":14,"column":22},"end":{"line":14,"column":48}}]}},"s":{"0":1,"1":6,"2":1},"f":{"0":6},"b":{"0":[1],"1":[1],"2":[6,2],"3":[6,2]}}
,"B:\\Software\\CSCI_717_Project\\AIvsRealImageDetection\\frontend\\src\\components\\History.tsx": {"path":"B:\\Software\\CSCI_717_Project\\AIvsRealImageDetection\\frontend\\src\\components\\History.tsx","statementMap":{"0":{"start":{"line":2,"column":0},"end":{"line":2,"column":44}},"1":{"start":{"line":17,"column":40},"end":{"line":82,"column":1}},"2":{"start":{"line":18,"column":2},"end":{"line":23,"column":3}},"3":{"start":{"line":19,"column":4},"end":{"line":21,"column":6}},"4":{"start":{"line":22,"column":4},"end":{"line":22,"column":17}},"5":{"start":{"line":25,"column":2},"end":{"line":81,"column":4}},"6":{"start":{"line":47,"column":12},"end":{"line":50,"column":13}},"7":{"start":{"line":48,"column":14},"end":{"line":48,"column":67}},"8":{"start":{"line":49,"column":14},"end":{"line":49,"column":26}},"9":{"start":{"line":51,"column":12},"end":{"line":76,"column":14}},"10":{"start":{"line":55,"column":31},"end":{"line":55,"column":47}},"11":{"start":{"line":84,"column":0},"end":{"line":84,"column":23}}},"fnMap":{"0":{"name":"(anonymous_1)","decl":{"start":{"line":17,"column":40},"end":{"line":17,"column":41}},"loc":{"start":{"line":17,"column":75},"end":{"line":82,"column":1}}},"1":{"name":"(anonymous_2)","decl":{"start":{"line":33,"column":31},"end":{"line":33,"column":34}},"loc":{"start":{"line":33,"column":36},"end":{"line":33,"column":39}}},"2":{"name":"(anonymous_3)","decl":{"start":{"line":46,"column":22},"end":{"line":46,"column":23}},"loc":{"start":{"line":46,"column":31},"end":{"line":77,"column":11}}},"3":{"name":"(anonymous_4)","decl":{"start":{"line":55,"column":25},"end":{"line":55,"column":28}},"loc":{"start":{"line":55,"column":31},"end":{"line":55,"column":47}}}},"branchMap":{"0":{"loc":{"start":{"line":18,"column":2},"end":{"line":23,"column":3}},"type":"if","locations":[{"start":{"line":18,"column":2},"end":{"line":23,"column":3}},{"start":{},"end":{}}]},"1":{"loc":{"start":{"line":33,"column":19},"end":{"line":33,"column":40}},"type":"binary-expr","locations":[{"start":{"line":33,"column":19},"end":{"line":33,"column":26}},{"start":{"line":33,"column":31},"end":{"line":33,"column":39}}]},"2":{"loc":{"start":{"line":41,"column":9},"end":{"line":77,"column":null}},"type":"cond-expr","locations":[{"start":{"line":42,"column":10},"end":{"line":42,"column":null}},{"start":{"line":46,"column":10},"end":{"line":77,"column":12}}]},"3":{"loc":{"start":{"line":47,"column":12},"end":{"line":50,"column":13}},"type":"if","locations":[{"start":{"line":47,"column":12},"end":{"line":50,"column":13}},{"start":{},"end":{}}]},"4":{"loc":{"start":{"line":47,"column":16},"end":{"line":47,"column":44}},"type":"binary-expr","locations":[{"start":{"line":47,"column":16},"end":{"line":47,"column":25}},{"start":{"line":47,"column":29},"end":{"line":47,"column":44}}]},"5":{"loc":{"start":{"line":67,"column":23},"end":{"line":67,"column":51}},"type":"binary-expr","locations":[{"start":{"line":67,"column":23},"end":{"line":67,"column":38}},{"start":{"line":67,"column":42},"end":{"line":67,"column":51}}]},"6":{"loc":{"start":{"line":70,"column":23},"end":{"line":70,"column":43}},"type":"binary-expr","locations":[{"start":{"line":70,"column":23},"end":{"line":70,"column":38}},{"start":{"line":70,"column":42},"end":{"line":70,"column":43}}]},"7":{"loc":{"start":{"line":73,"column":50},"end":{"line":73,"column":70}},"type":"binary-expr","locations":[{"start":{"line":73,"column":50},"end":{"line":73,"column":65}},{"start":{"line":73,"column":69},"end":{"line":73,"column":70}}]}},"s":{"0":1,"1":1,"2":12,"3":2,"4":2,"5":12,"6":62,"7":2,"8":2,"9":60,"10":2,"11":1},"f":{"0":12,"1":1,"2":62,"3":2},"b":{"0":[2,10],"1":[12,2],"2":[5,7],"3":[2,60],"4":[62,61],"5":[60,1],"6":[60,2],"7":[60,2]}}
,"B:\\Software\\CSCI_717_Project\\AIvsRealImageDetection\\frontend\\src\\components\\Notification.tsx": {"path":"B:\\Software\\CSCI_717_Project\\AIvsRealImageDetection\\frontend\\src\\components\\Notification.tsx","statementMap":{"0":{"start":{"line":1,"column":0},"end":{"line":1,"column":51}},"1":{"start":{"line":8,"column":50},"end":{"line":43,"column":1}},"2":{"start":{"line":13,"column":32},"end":{"line":13,"column":46}},"3":{"start":{"line":15,"column":2},"end":{"line":22,"column":16}},"4":{"start":{"line":16,"column":18},"end":{"line":16,"column":59}},"5":{"start":{"line":16,"column":35},"end":{"line":16,"column":52}},"6":{"start":{"line":17,"column":24},"end":{"line":17,"column":57}},"7":{"start":{"line":17,"column":41},"end":{"line":17,"column":50}},"8":{"start":{"line":18,"column":4},"end":{"line":21,"column":6}},"9":{"start":{"line":19,"column":6},"end":{"line":19,"column":26}},"10":{"start":{"line":20,"column":6},"end":{"line":20,"column":32}},"11":{"start":{"line":24,"column":18},"end":{"line":24,"column":68}},"12":{"start":{"line":26,"column":2},"end":{"line":42,"column":4}},"13":{"start":{"line":45,"column":0},"end":{"line":45,"column":28}}},"fnMap":{"0":{"name":"(anonymous_0)","decl":{"start":{"line":8,"column":50},"end":{"line":8,"column":51}},"loc":{"start":{"line":12,"column":5},"end":{"line":43,"column":1}}},"1":{"name":"(anonymous_1)","decl":{"start":{"line":15,"column":12},"end":{"line":15,"column":15}},"loc":{"start":{"line":15,"column":17},"end":{"line":22,"column":3}}},"2":{"name":"(anonymous_2)","decl":{"start":{"line":16,"column":29},"end":{"line":16,"column":32}},"loc":{"start":{"line":16,"column":35},"end":{"line":16,"column":52}}},"3":{"name":"(anonymous_3)","decl":{"start":{"line":17,"column":35},"end":{"line":17,"column":38}},"loc":{"start":{"line":17,"column":41},"end":{"line":17,"column":50}}},"4":{"name":"(anonymous_4)","decl":{"start":{"line":18,"column":11},"end":{"line":18,"column":14}},"loc":{"start":{"line":18,"column":16},"end":{"line":21,"column":5}}}},"branchMap":{"0":{"loc":{"start":{"line":9,"column":2},"end":{"line":9,"column":33}},"type":"default-arg","locations":[{"start":{"line":9,"column":12},"end":{"line":9,"column":33}}]},"1":{"loc":{"start":{"line":10,"column":2},"end":{"line":10,"column":18}},"type":"default-arg","locations":[{"start":{"line":10,"column":9},"end":{"line":10,"column":18}}]},"2":{"loc":{"start":{"line":24,"column":18},"end":{"line":24,"column":68}},"type":"cond-expr","locations":[{"start":{"line":24,"column":39},"end":{"line":24,"column":53}},{"start":{"line":24,"column":56},"end":{"line":24,"column":68}}]},"3":{"loc":{"start":{"line":30,"column":10},"end":{"line":30,"column":null}},"type":"cond-expr","locations":[{"start":{"line":30,"column":20},"end":{"line":30,"column":47}},{"start":{"line":30,"column":50},"end":{"line":30,"column":null}}]}},"s":{"0":1,"1":1,"2":9,"3":9,"4":8,"5":1,"6":8,"7":1,"8":8,"9":8,"10":8,"11":9,"12":9,"13":1},"f":{"0":9,"1":8,"2":1,"3":1,"4":8},"b":{"0":[1],"1":[1],"2":[8,1],"3":[8,1]}}
,"B:\\Software\\CSCI_717_Project\\AIvsRealImageDetection\\frontend\\src\\components\\PredictionDisplay.tsx": {"path":"B:\\Software\\CSCI_717_Project\\AIvsRealImageDetection\\frontend\\src\\components\\PredictionDisplay.tsx","statementMap":{"0":{"start":{"line":2,"column":0},"end":{"line":2,"column":44}},"1":{"start":{"line":9,"column":60},"end":{"line":29,"column":1}},"2":{"start":{"line":14,"column":4},"end":{"line":16,"column":9}},"3":{"start":{"line":18,"column":2},"end":{"line":28,"column":4}},"4":{"start":{"line":31,"column":0},"end":{"line":31,"column":33}}},"fnMap":{"0":{"name":"(anonymous_1)","decl":{"start":{"line":9,"column":60},"end":{"line":9,"column":61}},"loc":{"start":{"line":12,"column":5},"end":{"line":29,"column":1}}}},"branchMap":{"0":{"loc":{"start":{"line":10,"column":2},"end":{"line":10,"column":30}},"type":"default-arg","locations":[{"start":{"line":10,"column":15},"end":{"line":10,"column":30}}]},"1":{"loc":{"start":{"line":11,"column":2},"end":{"line":11,"column":24}},"type":"default-arg","locations":[{"start":{"line":11,"column":20},"end":{"line":11,"column":24}}]},"2":{"loc":{"start":{"line":14,"column":4},"end":{"line":16,"column":9}},"type":"cond-expr","locations":[{"start":{"line":15,"column":8},"end":{"line":15,"column":51}},{"start":{"line":16,"column":8},"end":{"line":16,"column":9}}]},"3":{"loc":{"start":{"line":21,"column":9},"end":{"line":21,"column":38}},"type":"binary-expr","locations":[{"start":{"line":21,"column":9},"end":{"line":21,"column":19}},{"start":{"line":21,"column":23},"end":{"line":21,"column":38}}]},"4":{"loc":{"start":{"line":24,"column":21},"end":{"line":24,"column":45}},"type":"binary-expr","locations":[{"start":{"line":24,"column":21},"end":{"line":24,"column":36}},{"start":{"line":24,"column":40},"end":{"line":24,"column":45}}]}},"s":{"0":1,"1":1,"2":8,"3":8,"4":1},"f":{"0":8},"b":{"0":[1],"1":[1],"2":[6,2],"3":[8,1],"4":[8,2]}}
}
