TN:
SF:src\components\Dropzone.tsx
FN:7,(anonymous_0)
FN:12,(anonymous_1)
FN:26,(anonymous_2)
FN:32,(anonymous_3)
FN:37,(anonymous_4)
FN:41,(anonymous_5)
FN:68,(anonymous_6)
FNF:7
FNH:6
FNDA:10,(anonymous_0)
FNDA:3,(anonymous_1)
FNDA:2,(anonymous_2)
FNDA:2,(anonymous_3)
FNDA:0,(anonymous_4)
FNDA:4,(anonymous_5)
FNDA:1,(anonymous_6)
DA:1,1
DA:7,1
DA:8,10
DA:9,10
DA:10,10
DA:12,10
DA:13,3
DA:14,3
DA:17,3
DA:18,1
DA:19,1
DA:22,2
DA:23,2
DA:26,10
DA:27,2
DA:28,2
DA:29,2
DA:32,10
DA:33,2
DA:34,2
DA:37,10
DA:38,0
DA:41,10
DA:42,4
DA:45,10
DA:68,1
DA:74,1
LF:27
LH:26
BRDA:13,0,0,0
BRDA:13,0,1,3
BRDA:17,1,0,1
BRDA:17,1,1,2
BRDA:49,2,0,2
BRDA:49,2,1,8
BRDA:56,3,0,2
BRDA:56,3,1,8
BRDA:68,4,0,1
BRDA:68,4,1,1
BRF:10
BRH:9
end_of_record
