TN:
SF:src\api\predict.ts
FN:3,(anonymous_0)
FNF:1
FNH:1
FNDA:6,(anonymous_0)
DA:3,1
DA:6,6
DA:7,6
DA:9,6
DA:14,5
DA:16,3
LF:6
LH:6
BRDA:14,0,0,1
BRDA:14,0,1,3
BRF:2
BRH:2
end_of_record
TN:
SF:src\components\Dropzone.tsx
FN:7,(anonymous_0)
FN:12,(anonymous_1)
FN:26,(anonymous_2)
FN:32,(anonymous_3)
FN:37,(anonymous_4)
FN:41,(anonymous_5)
FN:68,(anonymous_6)
FNF:7
FNH:7
FNDA:18,(anonymous_0)
FNDA:5,(anonymous_1)
FNDA:4,(anonymous_2)
FNDA:4,(anonymous_3)
FNDA:1,(anonymous_4)
FNDA:6,(anonymous_5)
FNDA:1,(anonymous_6)
DA:1,1
DA:7,1
DA:8,18
DA:9,18
DA:10,18
DA:12,18
DA:13,5
DA:14,4
DA:17,4
DA:18,2
DA:19,2
DA:22,2
DA:23,2
DA:26,18
DA:27,4
DA:28,4
DA:29,4
DA:32,18
DA:33,4
DA:34,4
DA:37,18
DA:38,1
DA:41,18
DA:42,6
DA:45,18
DA:68,1
DA:74,1
LF:27
LH:27
BRDA:13,0,0,1
BRDA:13,0,1,4
BRDA:17,1,0,2
BRDA:17,1,1,2
BRDA:49,2,0,4
BRDA:49,2,1,14
BRDA:56,3,0,2
BRDA:56,3,1,16
BRDA:68,4,0,1
BRDA:68,4,1,1
BRF:10
BRH:10
end_of_record
